2024-07-04 12:43:04,092 - app.main - INFO - Aplicación FastAPI iniciada
2024-07-04 12:44:09,656 - app.main - INFO - Aplicación FastAPI iniciada
2024-07-04 12:44:14,383 - app.recommendations - INFO - thirty_days_ago: 2024-06-04 17:44:14.383314
2024-07-04 17:00:07,112 - app.main - INFO - Aplicación FastAPI iniciada
2024-07-04 19:31:36,207 - app.main - INFO - Aplicación FastAPI iniciada
2024-07-04 19:32:00,994 - app.main - INFO - Aplicación FastAPI iniciada
2024-07-04 19:33:59,657 - app.main - INFO - Aplicación FastAPI iniciada
2024-07-04 19:34:00,674 - app.main - INFO - Aplicación FastAPI iniciada
2024-07-04 19:53:34,537 - app.main - INFO - Aplicación FastAPI iniciada
2024-07-04 19:54:20,676 - app.main - INFO - Aplicación FastAPI iniciada
2024-07-04 19:58:10,447 - app.main - INFO - Aplicación FastAPI iniciada
2024-07-04 19:58:11,393 - app.main - INFO - Aplicación FastAPI iniciada
2024-07-04 20:00:19,614 - app.main - INFO - Aplicación FastAPI iniciada
2024-07-04 20:02:44,323 - app.main - INFO - Aplicación FastAPI iniciada
2024-07-04 20:03:38,421 - app.main - INFO - Aplicación FastAPI iniciada
2024-07-04 20:03:46,506 - app.main - INFO - Aplicación FastAPI iniciada
2024-07-04 20:03:50,506 - app.main - INFO - Aplicación FastAPI iniciada
2024-07-04 20:04:04,455 - app.main - INFO - Aplicación FastAPI iniciada
2024-07-04 20:04:10,201 - app.main - INFO - Aplicación FastAPI iniciada
2024-07-04 20:05:04,815 - app.main - INFO - Aplicación FastAPI iniciada
2024-07-04 20:05:26,690 - app.main - INFO - Aplicación FastAPI iniciada
2024-07-04 20:14:17,041 - app.main - INFO - Aplicación FastAPI iniciada
2024-07-04 20:37:52,342 - app.services.recommendations - INFO - thirty_days_ago: 2024-06-05 01:37:52.342460
2024-07-04 20:38:22,409 - app.services.recommendations - INFO - thirty_days_ago: 2024-06-05 01:38:22.409377
2024-07-04 20:38:23,387 - app.services.recommendations - INFO - thirty_days_ago: 2024-06-05 01:38:23.387580
2024-07-04 20:38:29,435 - app.services.recommendations - INFO - thirty_days_ago: 2024-06-05 01:38:29.435847
2024-07-04 20:38:52,745 - app.services.recommendations - INFO - thirty_days_ago: 2024-06-05 01:38:52.745577
2024-07-04 21:30:05,196 - app.main - INFO - Aplicación FastAPI iniciada
2024-07-04 21:39:07,952 - app.main - INFO - Aplicación FastAPI iniciada
2024-07-04 21:39:08,883 - app.main - INFO - Aplicación FastAPI iniciada
2024-07-04 21:44:31,078 - app.main - INFO - Aplicación FastAPI iniciada
2024-07-04 21:46:28,943 - app.main - INFO - Aplicación FastAPI iniciada
2024-07-04 21:47:09,623 - app.main - INFO - Aplicación FastAPI iniciada
2024-07-04 22:13:11,435 - app.main - INFO - Aplicación FastAPI iniciada
2024-07-04 22:15:37,513 - app.main - INFO - Aplicación FastAPI iniciada
2024-07-04 22:15:51,091 - app.main - INFO - Aplicación FastAPI iniciada
2024-07-05 10:28:47,587 - app.main - INFO - Aplicación FastAPI iniciada
2024-07-05 10:29:05,301 - app.main - INFO - Aplicación FastAPI iniciada
2024-07-05 10:33:02,479 - app.main - INFO - Aplicación FastAPI iniciada
2024-07-05 10:34:41,119 - app.services.recommendations - INFO - thirty_days_ago: 2024-06-05 15:34:41.119763
2024-07-05 10:35:12,761 - app.services.recommendations - INFO - thirty_days_ago: 2024-06-05 15:35:12.761219
2024-07-05 10:37:50,952 - app.main - INFO - Aplicación FastAPI iniciada
2024-07-05 10:39:17,942 - app.main - INFO - Aplicación FastAPI iniciada
2024-07-05 10:41:09,069 - app.main - INFO - Aplicación FastAPI iniciada
2024-07-05 10:41:14,175 - app.routers.categories - INFO - Creando categoria1: 
2024-07-05 10:42:03,632 - app.main - INFO - Aplicación FastAPI iniciada
2024-07-05 10:42:39,007 - app.main - INFO - Aplicación FastAPI iniciada
2024-07-05 10:42:40,673 - app.routers.categories - INFO - Creando categoria1: 
2024-07-05 10:42:40,673 - app.routers.categories - INFO - Creando categoria4: 
2024-07-05 10:42:40,689 - app.routers.categories - INFO - Creando categoria5: 
2024-07-05 10:44:49,191 - app.main - INFO - Aplicación FastAPI iniciada
2024-07-05 10:47:41,525 - app.main - INFO - Aplicación FastAPI iniciada
2024-07-05 10:49:07,336 - app.main - INFO - Aplicación FastAPI iniciada
2024-07-05 10:53:25,936 - app.main - INFO - Aplicación FastAPI iniciada
2024-07-05 10:57:19,297 - app.services.recommendations - INFO - thirty_days_ago: 2024-06-05 15:57:19.297905
2024-07-05 11:02:47,072 - app.main - INFO - Aplicación FastAPI iniciada
2024-07-05 11:03:16,002 - app.main - INFO - Aplicación FastAPI iniciada
2024-07-05 11:04:38,216 - app.main - INFO - Aplicación FastAPI iniciada
2024-07-05 11:07:47,162 - app.main - INFO - Aplicación FastAPI iniciada
2024-07-05 11:16:04,860 - app.main - INFO - Aplicación FastAPI iniciada
2024-07-05 11:17:08,004 - app.main - INFO - Aplicación FastAPI iniciada
2024-07-05 11:18:17,702 - app.services.recommendations - INFO - thirty_days_ago: 2024-06-05 16:18:17.702761
2024-07-05 11:18:47,514 - app.services.recommendations - INFO - thirty_days_ago: 2024-06-05 16:18:47.514920
2024-07-05 11:20:35,083 - app.services.recommendations - INFO - thirty_days_ago: 2024-06-05 16:20:35.083350
2024-07-05 11:21:54,660 - app.main - INFO - Aplicación FastAPI iniciada
2024-07-05 11:21:57,957 - app.services.recommendations - INFO - thirty_days_ago: 2024-06-05 16:21:57.957048
2024-07-05 11:31:45,828 - app.main - INFO - Aplicación FastAPI iniciada
2024-07-05 11:32:18,261 - app.services.recommendations - INFO - thirty_days_ago: 2024-06-05 16:32:18.261420
2024-07-05 11:48:54,300 - app.main - INFO - Aplicación FastAPI iniciada
2024-07-05 11:48:57,989 - app.services.recommendations - INFO - thirty_days_ago: 2024-06-05 16:48:57.989229
2024-07-05 11:48:57,989 - app.services.recommendations - INFO - subquery: SELECT location_category_reviewed.location_id, location_category_reviewed.category_id 
FROM location_category_reviewed 
WHERE location_category_reviewed.last_reviewed < :last_reviewed_1
2024-07-05 12:02:10,739 - app.main - INFO - Aplicación FastAPI iniciada
2024-07-05 12:02:31,909 - app.main - INFO - Aplicación FastAPI iniciada
2024-07-05 12:05:20,281 - app.main - INFO - Aplicación FastAPI iniciada
2024-07-05 12:16:18,779 - app.main - INFO - Aplicación FastAPI iniciada
2024-07-05 12:16:59,386 - app.main - INFO - Aplicación FastAPI iniciada
2024-07-05 12:18:08,489 - app.main - INFO - Aplicación FastAPI iniciada
2024-07-05 12:18:40,074 - app.main - INFO - Aplicación FastAPI iniciada
2024-07-05 12:19:49,821 - app.main - INFO - Aplicación FastAPI iniciada
2024-07-05 12:21:35,348 - app.main - INFO - Aplicación FastAPI iniciada
2024-07-05 12:21:39,309 - app.services.recommendations - INFO - thirty_days_ago: 2024-06-05 17:21:39.309103
2024-07-05 12:21:39,309 - app.services.recommendations - INFO - subquery: SELECT location_category_reviewed.location_id, location_category_reviewed.category_id 
FROM location_category_reviewed 
WHERE location_category_reviewed.last_reviewed < :last_reviewed_1
2024-07-05 12:24:42,764 - app.main - INFO - Aplicación FastAPI iniciada
2024-07-05 12:30:37,598 - app.main - INFO - Aplicación FastAPI iniciada
2024-07-05 12:30:38,817 - app.services.recommendations - INFO - thirty_days_ago: 2024-06-05 17:30:38.817310
2024-07-05 12:30:38,818 - app.services.recommendations - INFO - subquery: SELECT location_category_reviewed.location_id, location_category_reviewed.category_id 
FROM location_category_reviewed 
WHERE location_category_reviewed.last_reviewed > :last_reviewed_1
2024-07-05 12:31:19,368 - app.main - INFO - Aplicación FastAPI iniciada
2024-07-05 12:31:19,377 - app.services.recommendations - INFO - thirty_days_ago: 2024-06-05 17:31:19.377756
2024-07-05 12:38:11,702 - app.main - INFO - Aplicación FastAPI iniciada
2024-07-05 12:40:09,740 - app.main - INFO - Aplicación FastAPI iniciada
2024-07-05 12:40:38,715 - app.main - INFO - Aplicación FastAPI iniciada
2024-07-05 12:41:49,668 - app.main - INFO - Aplicación FastAPI iniciada
2024-07-05 12:42:29,369 - app.main - INFO - Aplicación FastAPI iniciada
2024-07-05 12:42:34,730 - app.main - INFO - Aplicación FastAPI iniciada
2024-07-05 12:42:38,446 - app.services.recommendations - INFO - subquery: SELECT location_category_reviewed.location_id, location_category_reviewed.category_id 
FROM location_category_reviewed 
WHERE location_category_reviewed.last_reviewed >= :last_reviewed_1
2024-07-05 12:47:28,728 - app.main - INFO - Aplicación FastAPI iniciada
2024-07-05 12:47:40,071 - app.main - INFO - Aplicación FastAPI iniciada
2024-07-05 12:48:08,672 - app.services.recommendations - INFO - thirty_days_ago: 2024-06-05 17:48:08.672945
2024-07-05 12:52:24,261 - app.main - INFO - Aplicación FastAPI iniciada
2024-07-05 12:53:05,544 - app.main - INFO - Aplicación FastAPI iniciada
2024-07-05 12:53:14,642 - app.main - INFO - Aplicación FastAPI iniciada
2024-07-05 12:53:35,214 - app.services.recommendations - INFO - thirty_days_ago: 2024-06-05 17:53:35.214276
2024-07-05 12:54:25,305 - app.main - INFO - Aplicación FastAPI iniciada
2024-07-05 12:54:28,176 - app.services.recommendations - INFO - thirty_days_ago: 2024-06-05 17:54:28.176492
2024-07-05 12:55:07,352 - app.main - INFO - Aplicación FastAPI iniciada
2024-07-05 12:55:09,960 - app.services.recommendations - INFO - thirty_days_ago: 2024-06-05 17:55:09.960485
2024-07-05 12:55:36,603 - app.main - INFO - Aplicación FastAPI iniciada
2024-07-05 12:55:39,110 - app.services.recommendations - INFO - thirty_days_ago: 2024-06-05 17:55:39.110976
2024-07-05 12:56:45,747 - app.main - INFO - Aplicación FastAPI iniciada
2024-07-05 12:56:48,590 - app.services.recommendations - INFO - thirty_days_ago: 2024-06-05 17:56:48.590229
2024-07-05 12:56:48,598 - app.services.recommendations - INFO - subquery: SELECT location_category_reviewed.id, location_category_reviewed.location_id, location_category_reviewed.category_id, location_category_reviewed.last_reviewed 
FROM location_category_reviewed
2024-07-05 12:59:06,781 - app.main - INFO - Aplicación FastAPI iniciada
2024-07-05 12:59:07,044 - app.services.recommendations - INFO - thirty_days_ago: 2024-06-05 17:59:07.044530
2024-07-05 12:59:07,044 - app.services.recommendations - INFO - subquery: SELECT location_category_reviewed.location_id, location_category_reviewed.category_id 
FROM location_category_reviewed 
WHERE location_category_reviewed.last_reviewed > :last_reviewed_1
2024-07-05 13:00:04,470 - app.main - INFO - Aplicación FastAPI iniciada
2024-07-05 13:00:07,058 - app.services.recommendations - INFO - thirty_days_ago: 2024-06-05 18:00:07.058828
2024-07-05 13:00:07,058 - app.services.recommendations - INFO - subquery: SELECT location_category_reviewed.location_id, location_category_reviewed.category_id 
FROM location_category_reviewed 
WHERE location_category_reviewed.last_reviewed >= :last_reviewed_1
2024-07-05 13:05:17,109 - app.main - INFO - Aplicación FastAPI iniciada
2024-07-05 13:05:18,624 - app.services.recommendations - INFO - thirty_days_ago: 2024-06-05 18:05:18.624874
2024-07-05 13:05:18,625 - app.services.recommendations - INFO - subquery: SELECT location_category_reviewed.location_id, location_category_reviewed.category_id 
FROM location_category_reviewed 
WHERE location_category_reviewed.last_reviewed < :last_reviewed_1
2024-07-05 13:08:50,409 - app.main - INFO - Aplicación FastAPI iniciada
2024-07-05 13:08:53,506 - app.services.recommendations - INFO - thirty_days_ago: 2024-06-05 18:08:53.506104
2024-07-05 13:08:53,507 - app.services.recommendations - INFO - subquery: SELECT location_category_reviewed.location_id, location_category_reviewed.category_id 
FROM location_category_reviewed 
WHERE location_category_reviewed.last_reviewed >= :last_reviewed_1
2024-07-05 13:09:29,785 - app.main - INFO - Aplicación FastAPI iniciada
2024-07-05 13:09:31,461 - app.services.recommendations - INFO - thirty_days_ago: 2024-06-05 18:09:31.461048
2024-07-05 13:09:31,462 - app.services.recommendations - INFO - subquery: SELECT location_category_reviewed.location_id, location_category_reviewed.category_id 
FROM location_category_reviewed 
WHERE location_category_reviewed.last_reviewed >= :last_reviewed_1
2024-07-05 13:10:35,510 - app.main - INFO - Aplicación FastAPI iniciada
2024-07-05 13:10:36,557 - app.services.recommendations - INFO - thirty_days_ago: 2024-06-05 18:10:36.557314
2024-07-05 13:10:36,558 - app.services.recommendations - INFO - subquery: SELECT location_category_reviewed.location_id, location_category_reviewed.category_id 
FROM location_category_reviewed 
WHERE location_category_reviewed.last_reviewed >= :last_reviewed_1
2024-07-05 13:10:58,698 - app.main - INFO - Aplicación FastAPI iniciada
2024-07-05 13:10:59,785 - app.services.recommendations - INFO - thirty_days_ago: 2024-06-05 18:10:59.785846
2024-07-05 13:10:59,786 - app.services.recommendations - INFO - subquery: SELECT location_category_reviewed.location_id, location_category_reviewed.category_id 
FROM location_category_reviewed 
WHERE location_category_reviewed.last_reviewed >= :last_reviewed_1
2024-07-05 13:10:59,796 - app.services.recommendations - INFO - recommendations: [<app.models.models.Location object at 0x0000028AB007B500>, <app.models.models.Location object at 0x0000028AB007B4D0>, <app.models.models.Location object at 0x0000028AB007B4A0>]
2024-07-05 13:13:10,817 - app.main - INFO - Aplicación FastAPI iniciada
2024-07-05 13:13:13,662 - app.services.recommendations - INFO - thirty_days_ago: 2024-06-05 18:13:13.662692
2024-07-05 13:13:13,663 - app.services.recommendations - INFO - subquery: SELECT location_category_reviewed.location_id, location_category_reviewed.category_id 
FROM location_category_reviewed 
WHERE location_category_reviewed.last_reviewed >= :last_reviewed_1
2024-07-05 13:13:33,680 - app.main - INFO - Aplicación FastAPI iniciada
2024-07-05 13:13:35,141 - app.services.recommendations - INFO - thirty_days_ago: 2024-06-05 18:13:35.141572
2024-07-05 13:13:35,143 - app.services.recommendations - INFO - subquery: SELECT location_category_reviewed.location_id, location_category_reviewed.category_id 
FROM location_category_reviewed 
WHERE location_category_reviewed.last_reviewed >= :last_reviewed_1
2024-07-05 13:14:28,316 - app.main - INFO - Aplicación FastAPI iniciada
2024-07-05 13:14:28,840 - app.services.recommendations - INFO - thirty_days_ago: 2024-06-05 18:14:28.840274
2024-07-05 13:14:28,842 - app.services.recommendations - INFO - subquery: SELECT location_category_reviewed.location_id, location_category_reviewed.category_id 
FROM location_category_reviewed 
WHERE location_category_reviewed.last_reviewed >= :last_reviewed_1
2024-07-05 13:15:29,744 - app.main - INFO - Aplicación FastAPI iniciada
2024-07-05 13:15:40,790 - app.services.recommendations - INFO - thirty_days_ago: 2024-06-05 18:15:40.790170
2024-07-05 13:15:40,791 - app.services.recommendations - INFO - subquery: SELECT location_category_reviewed.location_id, location_category_reviewed.category_id 
FROM location_category_reviewed 
WHERE location_category_reviewed.last_reviewed >= :last_reviewed_1
2024-07-05 13:15:47,057 - app.services.recommendations - INFO - thirty_days_ago: 2024-06-05 18:15:47.057823
2024-07-05 13:15:47,058 - app.services.recommendations - INFO - subquery: SELECT location_category_reviewed.location_id, location_category_reviewed.category_id 
FROM location_category_reviewed 
WHERE location_category_reviewed.last_reviewed >= :last_reviewed_1
2024-07-05 13:16:26,734 - app.main - INFO - Aplicación FastAPI iniciada
2024-07-05 13:16:29,183 - app.services.recommendations - INFO - thirty_days_ago: 2024-06-05 18:16:29.183127
2024-07-05 13:16:29,184 - app.services.recommendations - INFO - subquery: SELECT location_category_reviewed.location_id, location_category_reviewed.category_id 
FROM location_category_reviewed 
WHERE location_category_reviewed.last_reviewed < :last_reviewed_1
2024-07-05 13:16:53,991 - app.main - INFO - Aplicación FastAPI iniciada
2024-07-05 13:16:55,208 - app.services.recommendations - INFO - thirty_days_ago: 2024-06-05 18:16:55.208343
2024-07-05 13:16:55,209 - app.services.recommendations - INFO - subquery: SELECT location_category_reviewed.location_id, location_category_reviewed.category_id 
FROM location_category_reviewed 
WHERE location_category_reviewed.last_reviewed < :last_reviewed_1
2024-07-05 13:22:51,387 - app.main - INFO - Aplicación FastAPI iniciada
2024-07-05 13:23:50,272 - app.main - INFO - Aplicación FastAPI iniciada
2024-07-05 13:23:52,392 - app.services.recommendations - INFO - thirty_days_ago: 2024-06-05 18:23:52.392558
2024-07-05 13:23:52,393 - app.services.recommendations - INFO - subquery: SELECT location_category_reviewed.location_id, location_category_reviewed.category_id 
FROM location_category_reviewed 
WHERE location_category_reviewed.last_reviewed < :last_reviewed_1
2024-07-05 13:24:08,463 - app.main - INFO - Aplicación FastAPI iniciada
2024-07-05 13:24:09,666 - app.services.recommendations - INFO - thirty_days_ago: 2024-06-05 18:24:09.666323
2024-07-05 13:24:09,669 - app.services.recommendations - INFO - subquery: SELECT location_category_reviewed.location_id, location_category_reviewed.category_id 
FROM location_category_reviewed 
WHERE location_category_reviewed.last_reviewed >= :last_reviewed_1
2024-07-05 13:24:24,058 - app.main - INFO - Aplicación FastAPI iniciada
2024-07-05 13:24:24,069 - app.services.recommendations - INFO - thirty_days_ago: 2024-06-05 18:24:24.069284
2024-07-05 13:24:24,070 - app.services.recommendations - INFO - subquery: SELECT location_category_reviewed.location_id, location_category_reviewed.category_id 
FROM location_category_reviewed 
WHERE location_category_reviewed.last_reviewed >= :last_reviewed_1
2024-07-05 13:25:49,693 - app.services.recommendations - INFO - thirty_days_ago: 2024-06-05 18:25:49.693852
2024-07-05 13:25:49,693 - app.services.recommendations - INFO - subquery: SELECT location_category_reviewed.location_id, location_category_reviewed.category_id 
FROM location_category_reviewed 
WHERE location_category_reviewed.last_reviewed >= :last_reviewed_1
2024-07-05 13:25:54,196 - app.services.recommendations - INFO - thirty_days_ago: 2024-06-05 18:25:54.196466
2024-07-05 13:25:54,197 - app.services.recommendations - INFO - subquery: SELECT location_category_reviewed.location_id, location_category_reviewed.category_id 
FROM location_category_reviewed 
WHERE location_category_reviewed.last_reviewed >= :last_reviewed_1
2024-07-05 13:26:01,168 - app.services.recommendations - INFO - thirty_days_ago: 2024-06-05 18:26:01.168846
2024-07-05 13:26:01,169 - app.services.recommendations - INFO - subquery: SELECT location_category_reviewed.location_id, location_category_reviewed.category_id 
FROM location_category_reviewed 
WHERE location_category_reviewed.last_reviewed >= :last_reviewed_1
2024-07-05 13:29:03,490 - app.services.recommendations - INFO - thirty_days_ago: 2024-06-05 18:29:03.490967
2024-07-05 13:29:03,490 - app.services.recommendations - INFO - subquery: SELECT location_category_reviewed.location_id, location_category_reviewed.category_id 
FROM location_category_reviewed 
WHERE location_category_reviewed.last_reviewed >= :last_reviewed_1
2024-07-05 13:29:28,203 - app.services.recommendations - INFO - thirty_days_ago: 2024-06-05 18:29:28.203005
2024-07-05 13:29:28,204 - app.services.recommendations - INFO - subquery: SELECT location_category_reviewed.location_id, location_category_reviewed.category_id 
FROM location_category_reviewed 
WHERE location_category_reviewed.last_reviewed >= :last_reviewed_1
2024-07-05 13:31:14,481 - app.main - INFO - Aplicación FastAPI iniciada
2024-07-05 13:33:48,914 - app.main - INFO - Aplicación FastAPI iniciada
2024-07-05 13:34:28,651 - app.main - INFO - Aplicación FastAPI iniciada
2024-07-05 13:36:33,477 - app.main - INFO - Aplicación FastAPI iniciada
2024-07-05 13:37:51,362 - app.main - INFO - Aplicación FastAPI iniciada
2024-07-05 13:38:23,387 - app.main - INFO - Aplicación FastAPI iniciada
2024-07-05 14:45:23,281 - app.main - INFO - Aplicación FastAPI iniciada
2024-07-05 14:52:19,006 - app.main - INFO - Aplicación FastAPI iniciada
2024-07-05 14:53:35,983 - app.main - INFO - Aplicación FastAPI iniciada
2024-07-05 14:55:29,355 - app.main - INFO - Aplicación FastAPI iniciada
2024-07-05 14:55:40,232 - app.main - INFO - Aplicación FastAPI iniciada
2024-07-05 14:55:46,492 - app.main - INFO - Aplicación FastAPI iniciada
2024-07-05 14:55:52,284 - app.main - INFO - Aplicación FastAPI iniciada
2024-07-05 14:56:14,287 - app.main - INFO - Aplicación FastAPI iniciada
2024-07-05 14:56:50,489 - app.main - INFO - Aplicación FastAPI iniciada
2024-07-05 14:57:12,309 - app.main - INFO - Aplicación FastAPI iniciada
2024-07-05 14:57:29,423 - app.main - INFO - Aplicación FastAPI iniciada
2024-07-05 14:57:32,240 - app.main - INFO - Aplicación FastAPI iniciada
2024-07-05 14:57:43,819 - app.main - INFO - Aplicación FastAPI iniciada
2024-07-05 14:57:53,385 - app.main - INFO - Aplicación FastAPI iniciada
2024-07-05 15:56:50,793 - app.main - INFO - Aplicación FastAPI iniciada
2024-07-05 15:58:24,570 - app.main - INFO - Aplicación FastAPI iniciada
2024-07-05 16:02:13,984 - app.services.recommendations - INFO - thirty_days_ago: 2024-06-05 21:02:13.984752
2024-07-05 16:02:13,984 - app.services.recommendations - INFO - subquery: SELECT location_category_reviewed.location_id, location_category_reviewed.category_id 
FROM location_category_reviewed 
WHERE location_category_reviewed.last_reviewed >= :last_reviewed_1
2024-07-05 16:07:30,407 - app.services.recommendations - INFO - thirty_days_ago: 2024-06-05 21:07:30.406566
2024-07-05 16:07:30,407 - app.services.recommendations - INFO - subquery: SELECT location_category_reviewed.location_id, location_category_reviewed.category_id 
FROM location_category_reviewed 
WHERE location_category_reviewed.last_reviewed >= :last_reviewed_1
2024-07-05 16:16:26,532 - app.main - INFO - Aplicación FastAPI iniciada
